<?xml version="1.0" encoding="UTF-8"?>
<testsuite xmlns:xsi="http://www.w3.org/2001/XMLSchema-instance" xsi:noNamespaceSchemaLocation="https://maven.apache.org/surefire/maven-surefire-plugin/xsd/surefire-test-report-3.0.xsd" version="3.0" name="org.redhat.janus.ExampleResourceTest" time="1.028" tests="1" errors="0" skipped="0" failures="0">
  <properties>
[...]
</properties>
  <testcase name="testEndpoint" classname="org.redhat.janus.ExampleResourceTest" time="0.675">
    <system-out><![CDATA[2026-03-26 09:15:45,977 INFO  [io.qua.sma.openapi] (build-3) OpenAPI json saved: /workspace/projects/RH-Summit/devsecops-summit-v2/code-red-breach-challenge-hacker-app/''/openapi.json
2026-03-26 09:15:45,981 INFO  [io.qua.sma.openapi] (build-3) OpenAPI yaml saved: /workspace/projects/RH-Summit/devsecops-summit-v2/code-red-breach-challenge-hacker-app/''/openapi.yaml
2026-03-26 09:15:46,558 INFO  [io.quarkus] (main) hackerapp 1.0-SNAPSHOT on JVM (powered by Quarkus 3.27.2.redhat-00001) started in 1.825s. Listening on: http://localhost:8081
2026-03-26 09:15:46,558 INFO  [io.quarkus] (main) Profile test activated. 
2026-03-26 09:15:46,558 INFO  [io.quarkus] (main) Installed features: [cdi, compose, kubernetes, resteasy, smallrye-context-propagation, smallrye-openapi, swagger-ui, vertx]
]]></system-out>
  </testcase>
</testsuite>